   0.249800E+02   0.222000E+01   0.440342E+01   0.279952E+00   0.305979E+00   0.209668E+00   0.255291E+00   0.314366E+00   0.215378E+00   0.262185E+00   0.316700E+00   0.215936E+00   0.263651E+00   0.147288E+00   0.376837E-01
   0.249800E+02   0.224000E+01   0.444309E+01   0.283150E+00   0.303975E+00   0.207536E+00   0.253210E+00   0.312296E+00   0.213181E+00   0.260034E+00   0.314697E+00   0.213774E+00   0.261548E+00   0.145831E+00   0.376470E-01
   0.249800E+02   0.226000E+01   0.448276E+01   0.286363E+00   0.301937E+00   0.205399E+00   0.251106E+00   0.310186E+00   0.210976E+00   0.257856E+00   0.312653E+00   0.211603E+00   0.259416E+00   0.144399E+00   0.376121E-01
   0.249800E+02   0.228000E+01   0.452243E+01   0.289591E+00   0.299865E+00   0.203256E+00   0.248981E+00   0.308038E+00   0.208762E+00   0.255653E+00   0.310568E+00   0.209421E+00   0.257257E+00   0.142992E+00   0.375790E-01
   0.249800E+02   0.230000E+01   0.456210E+01   0.292835E+00   0.297760E+00   0.201107E+00   0.246835E+00   0.305852E+00   0.206540E+00   0.253426E+00   0.308442E+00   0.207230E+00   0.255072E+00   0.141608E+00   0.375477E-01
   0.249800E+02   0.232000E+01   0.460177E+01   0.296095E+00   0.295620E+00   0.198953E+00   0.244670E+00   0.303627E+00   0.204310E+00   0.251177E+00   0.306277E+00   0.205029E+00   0.252863E+00   0.140248E+00   0.375182E-01
   0.249800E+02   0.234000E+01   0.464144E+01   0.299371E+00   0.293447E+00   0.196793E+00   0.242486E+00   0.301364E+00   0.202072E+00   0.248905E+00   0.304072E+00   0.202817E+00   0.250629E+00   0.138911E+00   0.374905E-01
   0.249800E+02   0.236000E+01   0.468111E+01   0.302662E+00   0.291242E+00   0.194628E+00   0.240285E+00   0.299064E+00   0.199826E+00   0.246613E+00   0.301828E+00   0.200596E+00   0.248372E+00   0.137597E+00   0.374644E-01
   0.249800E+02   0.238000E+01   0.472078E+01   0.305969E+00   0.289005E+00   0.192457E+00   0.238067E+00   0.296729E+00   0.197571E+00   0.244301E+00   0.299545E+00   0.198364E+00   0.246093E+00   0.136305E+00   0.374400E-01
   0.249800E+02   0.240000E+01   0.476046E+01   0.309293E+00   0.286737E+00   0.190280E+00   0.235833E+00   0.294357E+00   0.195309E+00   0.241969E+00   0.297224E+00   0.196122E+00   0.243792E+00   0.135036E+00   0.374174E-01
   0.249800E+02   0.242000E+01   0.480013E+01   0.312633E+00   0.284438E+00   0.188097E+00   0.233584E+00   0.291950E+00   0.193039E+00   0.239620E+00   0.294865E+00   0.193869E+00   0.241471E+00   0.133788E+00   0.373963E-01
   0.249800E+02   0.244000E+01   0.483980E+01   0.315989E+00   0.282108E+00   0.185909E+00   0.231328E+00   0.289509E+00   0.190760E+00   0.237260E+00   0.292468E+00   0.191606E+00   0.239137E+00   0.132561E+00   0.373768E-01
   0.249800E+02   0.246000E+01   0.487947E+01   0.319361E+00   0.279749E+00   0.183715E+00   0.229057E+00   0.287033E+00   0.188474E+00   0.234883E+00   0.290034E+00   0.189332E+00   0.236783E+00   0.131356E+00   0.373590E-01
   0.249800E+02   0.248000E+01   0.491914E+01   0.322751E+00   0.277360E+00   0.181515E+00   0.226772E+00   0.284524E+00   0.186180E+00   0.232489E+00   0.287564E+00   0.187048E+00   0.234408E+00   0.130170E+00   0.373426E-01
   0.249800E+02   0.250000E+01   0.495881E+01   0.326157E+00   0.274943E+00   0.179309E+00   0.224471E+00   0.281982E+00   0.183878E+00   0.230076E+00   0.285059E+00   0.184753E+00   0.232012E+00   0.129005E+00   0.373278E-01
   0.249800E+02   0.252000E+01   0.499848E+01   0.329579E+00   0.272497E+00   0.177098E+00   0.222154E+00   0.279409E+00   0.181568E+00   0.227645E+00   0.282518E+00   0.182448E+00   0.229594E+00   0.127860E+00   0.373144E-01
   0.249800E+02   0.254000E+01   0.503815E+01   0.333019E+00   0.270025E+00   0.174880E+00   0.219819E+00   0.276804E+00   0.179251E+00   0.225192E+00   0.279943E+00   0.180132E+00   0.227153E+00   0.126735E+00   0.373024E-01
   0.249800E+02   0.256000E+01   0.507782E+01   0.336476E+00   0.267526E+00   0.172657E+00   0.217462E+00   0.274169E+00   0.176925E+00   0.222714E+00   0.277333E+00   0.177806E+00   0.224682E+00   0.125628E+00   0.372919E-01
   0.249800E+02   0.258000E+01   0.511749E+01   0.339950E+00   0.265001E+00   0.170428E+00   0.215090E+00   0.271505E+00   0.174592E+00   0.220219E+00   0.274691E+00   0.175469E+00   0.222191E+00   0.124541E+00   0.372827E-01
   0.249800E+02   0.260000E+01   0.515716E+01   0.343442E+00   0.262451E+00   0.168194E+00   0.212703E+00   0.268811E+00   0.172252E+00   0.217707E+00   0.272016E+00   0.173122E+00   0.219680E+00   0.123472E+00   0.372748E-01
   0.249800E+02   0.262000E+01   0.519683E+01   0.346951E+00   0.259876E+00   0.165954E+00   0.210304E+00   0.266090E+00   0.169905E+00   0.215181E+00   0.269309E+00   0.170766E+00   0.217151E+00   0.122421E+00   0.372682E-01
   0.249800E+02   0.264000E+01   0.523650E+01   0.350477E+00   0.257277E+00   0.163710E+00   0.207894E+00   0.263341E+00   0.167552E+00   0.212640E+00   0.266571E+00   0.168400E+00   0.214605E+00   0.121389E+00   0.372628E-01
   0.249800E+02   0.266000E+01   0.527617E+01   0.354022E+00   0.254654E+00   0.161461E+00   0.205478E+00   0.260565E+00   0.165193E+00   0.210093E+00   0.263803E+00   0.166024E+00   0.212049E+00   0.120374E+00   0.372586E-01
   0.249800E+02   0.268000E+01   0.531584E+01   0.357584E+00   0.252010E+00   0.159207E+00   0.203057E+00   0.257764E+00   0.162827E+00   0.207539E+00   0.261006E+00   0.163639E+00   0.209482E+00   0.119376E+00   0.372556E-01
   0.249800E+02   0.270000E+01   0.535551E+01   0.361165E+00   0.249343E+00   0.156949E+00   0.200625E+00   0.254938E+00   0.160457E+00   0.204972E+00   0.258179E+00   0.161244E+00   0.206899E+00   0.118395E+00   0.372537E-01
   0.249800E+02   0.272000E+01   0.539518E+01   0.364763E+00   0.246654E+00   0.154687E+00   0.198182E+00   0.252088E+00   0.158081E+00   0.202393E+00   0.255325E+00   0.158842E+00   0.204300E+00   0.117432E+00   0.372530E-01
   0.249800E+02   0.274000E+01   0.543485E+01   0.368380E+00   0.243945E+00   0.152421E+00   0.195728E+00   0.249214E+00   0.155701E+00   0.199800E+00   0.252443E+00   0.156432E+00   0.201685E+00   0.116484E+00   0.372532E-01
   0.249800E+02   0.276000E+01   0.547452E+01   0.372015E+00   0.241217E+00   0.150152E+00   0.193262E+00   0.246318E+00   0.153316E+00   0.197194E+00   0.249534E+00   0.154014E+00   0.199052E+00   0.115553E+00   0.372545E-01
   0.249800E+02   0.278000E+01   0.551419E+01   0.375669E+00   0.238469E+00   0.147880E+00   0.190773E+00   0.243401E+00   0.150927E+00   0.194563E+00   0.246600E+00   0.151588E+00   0.196391E+00   0.114638E+00   0.372568E-01
   0.249800E+02   0.280000E+01   0.555386E+01   0.379342E+00   0.235703E+00   0.145605E+00   0.188272E+00   0.240462E+00   0.148534E+00   0.191920E+00   0.243641E+00   0.149156E+00   0.193713E+00   0.113739E+00   0.372600E-01
   0.249800E+02   0.282000E+01   0.559354E+01   0.383033E+00   0.232920E+00   0.143327E+00   0.185762E+00   0.237504E+00   0.146139E+00   0.189265E+00   0.240658E+00   0.146719E+00   0.191021E+00   0.112855E+00   0.372641E-01
   0.249800E+02   0.284000E+01   0.563321E+01   0.386744E+00   0.230119E+00   0.141048E+00   0.183243E+00   0.234527E+00   0.143741E+00   0.186601E+00   0.237651E+00   0.144275E+00   0.188316E+00   0.111987E+00   0.372691E-01
   0.249800E+02   0.286000E+01   0.567288E+01   0.390473E+00   0.227302E+00   0.138767E+00   0.180718E+00   0.231532E+00   0.141341E+00   0.183930E+00   0.234622E+00   0.141827E+00   0.185600E+00   0.111133E+00   0.372750E-01
   0.249800E+02   0.288000E+01   0.571255E+01   0.394222E+00   0.224470E+00   0.136485E+00   0.178192E+00   0.228520E+00   0.138940E+00   0.181257E+00   0.231570E+00   0.139375E+00   0.182879E+00   0.110295E+00   0.372816E-01
   0.249800E+02   0.290000E+01   0.575222E+01   0.397991E+00   0.221623E+00   0.134203E+00   0.175669E+00   0.225492E+00   0.136539E+00   0.178587E+00   0.228499E+00   0.136920E+00   0.180157E+00   0.109471E+00   0.372891E-01
   0.249800E+02   0.292000E+01   0.579189E+01   0.401779E+00   0.218762E+00   0.131921E+00   0.173141E+00   0.222449E+00   0.134137E+00   0.175913E+00   0.225407E+00   0.134461E+00   0.177427E+00   0.108661E+00   0.372973E-01
   0.249800E+02   0.294000E+01   0.583156E+01   0.405587E+00   0.215888E+00   0.129639E+00   0.170609E+00   0.219391E+00   0.131736E+00   0.173233E+00   0.222296E+00   0.132001E+00   0.174688E+00   0.107865E+00   0.373062E-01
   0.249800E+02   0.296000E+01   0.587123E+01   0.409414E+00   0.213001E+00   0.127359E+00   0.168072E+00   0.216320E+00   0.129337E+00   0.170548E+00   0.219167E+00   0.129540E+00   0.171941E+00   0.107084E+00   0.373157E-01
   0.249800E+02   0.298000E+01   0.591090E+01   0.413262E+00   0.210103E+00   0.125080E+00   0.165528E+00   0.213236E+00   0.126940E+00   0.167857E+00   0.216020E+00   0.127078E+00   0.169184E+00   0.106316E+00   0.373260E-01
   0.249800E+02   0.300000E+01   0.595057E+01   0.417130E+00   0.207194E+00   0.122804E+00   0.162970E+00   0.210142E+00   0.124545E+00   0.165151E+00   0.212858E+00   0.124617E+00   0.166409E+00   0.105561E+00   0.373368E-01
   0.249800E+02   0.302000E+01   0.599024E+01   0.421019E+00   0.204275E+00   0.120530E+00   0.160406E+00   0.207036E+00   0.122154E+00   0.162440E+00   0.209680E+00   0.122157E+00   0.163626E+00   0.104820E+00   0.373483E-01
   0.249800E+02   0.304000E+01   0.602991E+01   0.424928E+00   0.201347E+00   0.118261E+00   0.157839E+00   0.203921E+00   0.119768E+00   0.159726E+00   0.206487E+00   0.119700E+00   0.160836E+00   0.104092E+00   0.373603E-01
   0.249800E+02   0.306000E+01   0.606958E+01   0.428858E+00   0.198410E+00   0.115995E+00   0.155270E+00   0.200798E+00   0.117387E+00   0.157011E+00   0.203282E+00   0.117245E+00   0.158043E+00   0.103377E+00   0.373728E-01
   0.249800E+02   0.308000E+01   0.610925E+01   0.432808E+00   0.195465E+00   0.113735E+00   0.152701E+00   0.197666E+00   0.115012E+00   0.154297E+00   0.200063E+00   0.114796E+00   0.155247E+00   0.102675E+00   0.373859E-01
   0.249800E+02   0.310000E+01   0.614892E+01   0.436780E+00   0.192513E+00   0.111481E+00   0.150138E+00   0.194528E+00   0.112645E+00   0.151589E+00   0.196834E+00   0.112351E+00   0.152455E+00   0.101986E+00   0.373995E-01
   0.249800E+02   0.312000E+01   0.618859E+01   0.440773E+00   0.189555E+00   0.109234E+00   0.147579E+00   0.191384E+00   0.110285E+00   0.148888E+00   0.193594E+00   0.109913E+00   0.149667E+00   0.101309E+00   0.374135E-01
   0.249800E+02   0.314000E+01   0.622826E+01   0.444788E+00   0.186591E+00   0.106994E+00   0.145024E+00   0.188236E+00   0.107935E+00   0.146191E+00   0.190346E+00   0.107483E+00   0.146881E+00   0.100644E+00   0.374279E-01
   0.249800E+02   0.316000E+01   0.626793E+01   0.448824E+00   0.183620E+00   0.104767E+00   0.142474E+00   0.185085E+00   0.105601E+00   0.143503E+00   0.187103E+00   0.105072E+00   0.144109E+00   0.999915E-01   0.374428E-01
   0.249800E+02   0.318000E+01   0.630760E+01   0.452881E+00   0.180646E+00   0.102550E+00   0.139929E+00   0.181932E+00   0.103278E+00   0.140821E+00   0.183853E+00   0.102671E+00   0.141341E+00   0.993510E-01   0.374580E-01
   0.249800E+02   0.320000E+01   0.634727E+01   0.456961E+00   0.177671E+00   0.100343E+00   0.137390E+00   0.178777E+00   0.100966E+00   0.138145E+00   0.180597E+00   0.100280E+00   0.138576E+00   0.987223E-01   0.374737E-01
   0.249800E+02   0.322000E+01   0.638694E+01   0.461063E+00   0.174696E+00   0.981480E-01   0.134856E+00   0.175623E+00   0.986676E-01   0.135477E+00   0.177337E+00   0.979004E-01   0.135815E+00   0.981053E-01   0.374896E-01
   0.249800E+02   0.324000E+01   0.642661E+01   0.465187E+00   0.171720E+00   0.959649E-01   0.132329E+00   0.172469E+00   0.963825E-01   0.132816E+00   0.174072E+00   0.955335E-01   0.133060E+00   0.974999E-01   0.375059E-01
   0.249800E+02   0.326000E+01   0.646628E+01   0.469333E+00   0.168746E+00   0.937947E-01   0.129809E+00   0.169317E+00   0.941117E-01   0.130164E+00   0.170806E+00   0.931802E-01   0.130311E+00   0.969059E-01   0.375225E-01
   0.249800E+02   0.328000E+01   0.650596E+01   0.473503E+00   0.165773E+00   0.916382E-01   0.127297E+00   0.166168E+00   0.918563E-01   0.127520E+00   0.167537E+00   0.908415E-01   0.127568E+00   0.963233E-01   0.375393E-01
   0.249800E+02   0.330000E+01   0.654563E+01   0.477695E+00   0.162802E+00   0.894961E-01   0.124791E+00   0.163023E+00   0.896171E-01   0.124885E+00   0.164268E+00   0.885187E-01   0.124832E+00   0.957519E-01   0.375564E-01
   0.249800E+02   0.332000E+01   0.658530E+01   0.481910E+00   0.159836E+00   0.873697E-01   0.122291E+00   0.159883E+00   0.873955E-01   0.122258E+00   0.161001E+00   0.862132E-01   0.122101E+00   0.951916E-01   0.375738E-01
   0.249800E+02   0.334000E+01   0.662497E+01   0.486148E+00   0.156874E+00   0.852593E-01   0.119802E+00   0.156749E+00   0.851918E-01   0.119643E+00   0.157735E+00   0.839256E-01   0.119381E+00   0.946423E-01   0.375913E-01
   0.249800E+02   0.336000E+01   0.666464E+01   0.490410E+00   0.153917E+00   0.831656E-01   0.117324E+00   0.153623E+00   0.830069E-01   0.117041E+00   0.154472E+00   0.816568E-01   0.116673E+00   0.941039E-01   0.376091E-01
   0.249800E+02   0.338000E+01   0.670431E+01   0.494695E+00   0.150966E+00   0.810894E-01   0.114859E+00   0.150504E+00   0.808416E-01   0.114455E+00   0.151213E+00   0.794078E-01   0.113978E+00   0.935762E-01   0.376271E-01
   0.249800E+02   0.340000E+01   0.674398E+01   0.499004E+00   0.148022E+00   0.790315E-01   0.112410E+00   0.147394E+00   0.786969E-01   0.111887E+00   0.147960E+00   0.771798E-01   0.111300E+00   0.930593E-01   0.376452E-01
   0.249800E+02   0.342000E+01   0.678365E+01   0.503337E+00   0.145086E+00   0.769930E-01   0.109984E+00   0.144295E+00   0.765740E-01   0.109344E+00   0.144714E+00   0.749741E-01   0.108647E+00   0.925529E-01   0.376635E-01
   0.249800E+02   0.344000E+01   0.682332E+01   0.507695E+00   0.142158E+00   0.749742E-01   0.107574E+00   0.141207E+00   0.744732E-01   0.106820E+00   0.141475E+00   0.727913E-01   0.106010E+00   0.920571E-01   0.376819E-01
   0.249800E+02   0.346000E+01   0.686299E+01   0.512076E+00   0.139240E+00   0.729759E-01   0.105179E+00   0.138132E+00   0.723953E-01   0.104314E+00   0.138245E+00   0.706322E-01   0.103392E+00   0.915718E-01   0.377004E-01
   0.249800E+02   0.348000E+01   0.690266E+01   0.516482E+00   0.136333E+00   0.709987E-01   0.102800E+00   0.135069E+00   0.703412E-01   0.101827E+00   0.135026E+00   0.684979E-01   0.100790E+00   0.910968E-01   0.377191E-01
   0.249800E+02   0.350000E+01   0.694233E+01   0.520914E+00   0.133437E+00   0.690436E-01   0.100435E+00   0.132022E+00   0.683118E-01   0.993556E-01   0.131818E+00   0.663893E-01   0.982050E-01   0.906321E-01   0.377378E-01
   0.249800E+02   0.352000E+01   0.698200E+01   0.525370E+00   0.130553E+00   0.671116E-01   0.980793E-01   0.128990E+00   0.663085E-01   0.968978E-01   0.128623E+00   0.643080E-01   0.956326E-01   0.901777E-01   0.377566E-01
   0.249800E+02   0.354000E+01   0.702167E+01   0.529851E+00   0.127683E+00   0.652029E-01   0.957401E-01   0.125975E+00   0.643310E-01   0.944594E-01   0.125441E+00   0.622541E-01   0.930793E-01   0.897335E-01   0.377755E-01
   0.249800E+02   0.356000E+01   0.706134E+01   0.534358E+00   0.124826E+00   0.633179E-01   0.934184E-01   0.122977E+00   0.623802E-01   0.920416E-01   0.122275E+00   0.602284E-01   0.905468E-01   0.892994E-01   0.377944E-01
   0.249800E+02   0.358000E+01   0.710101E+01   0.538890E+00   0.121984E+00   0.614573E-01   0.911155E-01   0.119998E+00   0.604567E-01   0.896460E-01   0.119125E+00   0.582319E-01   0.880365E-01   0.888754E-01   0.378134E-01
   0.249800E+02   0.360000E+01   0.714068E+01   0.543449E+00   0.119158E+00   0.596219E-01   0.888336E-01   0.117039E+00   0.585614E-01   0.872748E-01   0.115993E+00   0.562656E-01   0.855512E-01   0.884616E-01   0.378324E-01
   0.249800E+02   0.362000E+01   0.718035E+01   0.548033E+00   0.116349E+00   0.578123E-01   0.865746E-01   0.114101E+00   0.566950E-01   0.849301E-01   0.112880E+00   0.543306E-01   0.830929E-01   0.880577E-01   0.378515E-01
   0.249800E+02   0.364000E+01   0.722002E+01   0.552644E+00   0.113557E+00   0.560289E-01   0.843377E-01   0.111184E+00   0.548578E-01   0.826110E-01   0.109788E+00   0.524270E-01   0.806611E-01   0.876639E-01   0.378706E-01
   0.249800E+02   0.366000E+01   0.725969E+01   0.557282E+00   0.110783E+00   0.542721E-01   0.821237E-01   0.108289E+00   0.530503E-01   0.803185E-01   0.106717E+00   0.505556E-01   0.782567E-01   0.872801E-01   0.378897E-01
   0.249800E+02   0.368000E+01   0.729936E+01   0.561946E+00   0.108028E+00   0.525423E-01   0.799333E-01   0.105418E+00   0.512729E-01   0.780534E-01   0.103669E+00   0.487170E-01   0.758810E-01   0.869063E-01   0.379088E-01
   0.249800E+02   0.370000E+01   0.733904E+01   0.566637E+00   0.105293E+00   0.508405E-01   0.777689E-01   0.102573E+00   0.495267E-01   0.758179E-01   0.100645E+00   0.469124E-01   0.735362E-01   0.865425E-01   0.379279E-01
   0.249800E+02   0.372000E+01   0.737871E+01   0.571356E+00   0.102579E+00   0.491670E-01   0.756302E-01   0.997530E-01   0.478119E-01   0.736122E-01   0.976471E-01   0.451423E-01   0.712227E-01   0.861886E-01   0.379470E-01
   0.249800E+02   0.374000E+01   0.741838E+01   0.576102E+00   0.998864E-01   0.475219E-01   0.735169E-01   0.969598E-01   0.461287E-01   0.714356E-01   0.946758E-01   0.434068E-01   0.689401E-01   0.858449E-01   0.379662E-01
   0.249800E+02   0.376000E+01   0.745805E+01   0.580876E+00   0.972164E-01   0.459057E-01   0.714289E-01   0.941942E-01   0.444776E-01   0.692884E-01   0.917326E-01   0.417064E-01   0.666888E-01   0.855111E-01   0.379854E-01
   0.249800E+02   0.378000E+01   0.749772E+01   0.585677E+00   0.945695E-01   0.443187E-01   0.693667E-01   0.914570E-01   0.428588E-01   0.671709E-01   0.888186E-01   0.400417E-01   0.644694E-01   0.851875E-01   0.380046E-01
   0.249800E+02   0.380000E+01   0.753739E+01   0.590507E+00   0.919472E-01   0.427617E-01   0.673296E-01   0.887498E-01   0.412733E-01   0.650828E-01   0.859357E-01   0.384137E-01   0.622818E-01   0.848740E-01   0.380238E-01
   0.249800E+02   0.382000E+01   0.757706E+01   0.595366E+00   0.893498E-01   0.412346E-01   0.653189E-01   0.860730E-01   0.397208E-01   0.630251E-01   0.830847E-01   0.368222E-01   0.601272E-01   0.845706E-01   0.380431E-01
   0.249800E+02   0.384000E+01   0.761673E+01   0.600253E+00   0.867782E-01   0.397377E-01   0.633349E-01   0.834276E-01   0.382016E-01   0.609982E-01   0.802668E-01   0.352676E-01   0.580062E-01   0.842775E-01   0.380625E-01
   0.249800E+02   0.386000E+01   0.765640E+01   0.605169E+00   0.842332E-01   0.382713E-01   0.613780E-01   0.808143E-01   0.367160E-01   0.590026E-01   0.774832E-01   0.337500E-01   0.559195E-01   0.839947E-01   0.380819E-01
   0.249800E+02   0.388000E+01   0.769607E+01   0.610115E+00   0.817157E-01   0.368357E-01   0.594487E-01   0.782344E-01   0.352644E-01   0.570387E-01   0.747355E-01   0.322700E-01   0.538677E-01   0.837223E-01   0.381015E-01
   0.249800E+02   0.390000E+01   0.773574E+01   0.615090E+00   0.792267E-01   0.354312E-01   0.575472E-01   0.756889E-01   0.338469E-01   0.551070E-01   0.720249E-01   0.308280E-01   0.518516E-01   0.834604E-01   0.381212E-01
   0.249800E+02   0.392000E+01   0.777541E+01   0.620095E+00   0.767667E-01   0.340578E-01   0.556744E-01   0.731782E-01   0.324635E-01   0.532081E-01   0.693523E-01   0.294238E-01   0.498717E-01   0.832091E-01   0.381412E-01
   0.249800E+02   0.394000E+01   0.781508E+01   0.625129E+00   0.743364E-01   0.327156E-01   0.538308E-01   0.707031E-01   0.311142E-01   0.513425E-01   0.667190E-01   0.280574E-01   0.479290E-01   0.829686E-01   0.381613E-01
   0.249800E+02   0.396000E+01   0.785475E+01   0.630195E+00   0.719367E-01   0.314047E-01   0.520169E-01   0.682645E-01   0.297990E-01   0.495108E-01   0.641261E-01   0.267289E-01   0.460241E-01   0.827389E-01   0.381818E-01
   0.249800E+02   0.398000E+01   0.789442E+01   0.635290E+00   0.695685E-01   0.301253E-01   0.502339E-01   0.658636E-01   0.285184E-01   0.477141E-01   0.615755E-01   0.254389E-01   0.441582E-01   0.825203E-01   0.382026E-01
   0.249800E+02   0.400000E+01   0.793409E+01   0.640417E+00   0.672324E-01   0.288774E-01   0.484816E-01   0.635008E-01   0.272719E-01   0.459522E-01   0.590676E-01   0.241870E-01   0.423315E-01   0.823129E-01   0.382239E-01
   0.249800E+02   0.402000E+01   0.797376E+01   0.645575E+00   0.649291E-01   0.276609E-01   0.467606E-01   0.611767E-01   0.260596E-01   0.442256E-01   0.566035E-01   0.229728E-01   0.405444E-01   0.821170E-01   0.382458E-01
   0.249800E+02   0.404000E+01   0.801343E+01   0.650764E+00   0.626591E-01   0.264758E-01   0.450712E-01   0.588920E-01   0.248812E-01   0.425345E-01   0.541843E-01   0.217965E-01   0.387974E-01   0.819326E-01   0.382683E-01
   0.249800E+02   0.406000E+01   0.805310E+01   0.655985E+00   0.604236E-01   0.253221E-01   0.434144E-01   0.566478E-01   0.237369E-01   0.408800E-01   0.518116E-01   0.206581E-01   0.370916E-01   0.817601E-01   0.382917E-01
   0.249800E+02   0.408000E+01   0.809277E+01   0.661238E+00   0.582230E-01   0.241998E-01   0.417904E-01   0.544446E-01   0.226264E-01   0.392621E-01   0.494861E-01   0.195572E-01   0.354273E-01   0.815998E-01   0.383162E-01
   0.249800E+02   0.410000E+01   0.813244E+01   0.666523E+00   0.560580E-01   0.231086E-01   0.401990E-01   0.522829E-01   0.215495E-01   0.376805E-01   0.472088E-01   0.184935E-01   0.338042E-01   0.814518E-01   0.383419E-01
   0.249800E+02   0.412000E+01   0.817211E+01   0.671841E+00   0.539291E-01   0.220484E-01   0.386403E-01   0.501632E-01   0.205058E-01   0.361354E-01   0.449804E-01   0.174667E-01   0.322226E-01   0.813166E-01   0.383691E-01
   0.249800E+02   0.414000E+01   0.821178E+01   0.677192E+00   0.518372E-01   0.210191E-01   0.371147E-01   0.480863E-01   0.194953E-01   0.346270E-01   0.428023E-01   0.164766E-01   0.306829E-01   0.811945E-01   0.383983E-01
   0.249800E+02   0.416000E+01   0.825146E+01   0.682576E+00   0.497829E-01   0.200205E-01   0.356223E-01   0.460529E-01   0.185176E-01   0.331554E-01   0.406756E-01   0.155229E-01   0.291854E-01   0.810858E-01   0.384297E-01
   0.249800E+02   0.418000E+01   0.829113E+01   0.687993E+00   0.477667E-01   0.190523E-01   0.341631E-01   0.440632E-01   0.175723E-01   0.317203E-01   0.386007E-01   0.146050E-01   0.277298E-01   0.809911E-01   0.384641E-01
   0.249800E+02   0.420000E+01   0.833080E+01   0.693445E+00   0.457891E-01   0.181143E-01   0.327370E-01   0.421177E-01   0.166592E-01   0.303219E-01   0.365784E-01   0.137226E-01   0.263163E-01   0.809106E-01   0.385021E-01
   0.249800E+02   0.422000E+01   0.837047E+01   0.698931E+00   0.438507E-01   0.172063E-01   0.313442E-01   0.402168E-01   0.157778E-01   0.289598E-01   0.346094E-01   0.128751E-01   0.249449E-01   0.808450E-01   0.385446E-01
   0.249800E+02   0.424000E+01   0.841014E+01   0.704450E+00   0.419522E-01   0.163280E-01   0.299845E-01   0.383613E-01   0.149278E-01   0.276342E-01   0.326950E-01   0.120622E-01   0.236157E-01   0.807948E-01   0.385927E-01
   0.249800E+02   0.426000E+01   0.844981E+01   0.710006E+00   0.400939E-01   0.154790E-01   0.286582E-01   0.365512E-01   0.141088E-01   0.263450E-01   0.308353E-01   0.112832E-01   0.223285E-01   0.807607E-01   0.386478E-01
   0.249800E+02   0.428000E+01   0.848948E+01   0.715595E+00   0.382764E-01   0.146590E-01   0.273655E-01   0.347869E-01   0.133202E-01   0.250922E-01   0.290311E-01   0.105376E-01   0.210836E-01   0.807432E-01   0.387119E-01
   0.249800E+02   0.430000E+01   0.852915E+01   0.721221E+00   0.365000E-01   0.138676E-01   0.261064E-01   0.330686E-01   0.125617E-01   0.238757E-01   0.272827E-01   0.982487E-02   0.198808E-01   0.807431E-01   0.387872E-01
   0.249800E+02   0.432000E+01   0.856882E+01   0.726882E+00   0.347656E-01   0.131045E-01   0.248811E-01   0.313971E-01   0.118326E-01   0.226957E-01   0.255914E-01   0.914430E-02   0.187203E-01   0.807612E-01   0.388769E-01
   0.249800E+02   0.434000E+01   0.860849E+01   0.732580E+00   0.330732E-01   0.123692E-01   0.236894E-01   0.297721E-01   0.111326E-01   0.215517E-01   0.239569E-01   0.849531E-02   0.176018E-01   0.807985E-01   0.389848E-01
   0.249800E+02   0.436000E+01   0.864816E+01   0.738314E+00   0.314233E-01   0.116615E-01   0.225314E-01   0.281940E-01   0.104611E-01   0.204438E-01   0.223798E-01   0.787734E-02   0.165251E-01   0.808559E-01   0.391157E-01
   0.249800E+02   0.438000E+01   0.868783E+01   0.744085E+00   0.298161E-01   0.109807E-01   0.214072E-01   0.266628E-01   0.981763E-02   0.193718E-01   0.208603E-01   0.728962E-02   0.154900E-01   0.809345E-01   0.392761E-01
   0.249800E+02   0.440000E+01   0.872750E+01   0.749893E+00   0.282523E-01   0.103265E-01   0.203168E-01   0.251788E-01   0.920142E-02   0.183356E-01   0.193992E-01   0.673138E-02   0.144965E-01   0.810355E-01   0.394736E-01
   0.249800E+02   0.442000E+01   0.876717E+01   0.755739E+00   0.267319E-01   0.969832E-02   0.192599E-01   0.237419E-01   0.861206E-02   0.173349E-01   0.179963E-01   0.620207E-02   0.135441E-01   0.811604E-01   0.397182E-01
   0.249800E+02   0.444000E+01   0.880684E+01   0.761622E+00   0.252553E-01   0.909584E-02   0.182364E-01   0.223523E-01   0.804897E-02   0.163692E-01   0.166514E-01   0.570098E-02   0.126323E-01   0.813105E-01   0.400218E-01
   0.249800E+02   0.446000E+01   0.884651E+01   0.767544E+00   0.238227E-01   0.851848E-02   0.172462E-01   0.210098E-01   0.751149E-02   0.154382E-01   0.153649E-01   0.522734E-02   0.117608E-01   0.814876E-01   0.403991E-01
   0.249800E+02   0.448000E+01   0.888618E+01   0.773505E+00   0.224345E-01   0.796556E-02   0.162890E-01   0.197147E-01   0.699881E-02   0.145416E-01   0.141370E-01   0.478025E-02   0.109292E-01   0.816936E-01   0.408674E-01
   0.249800E+02   0.450000E+01   0.892585E+01   0.779505E+00   0.210907E-01   0.743678E-02   0.153647E-01   0.184666E-01   0.651056E-02   0.136790E-01   0.129671E-01   0.435916E-02   0.101368E-01   0.819305E-01   0.414470E-01
   0.249800E+02   0.452000E+01   0.896552E+01   0.785544E+00   0.197914E-01   0.693165E-02   0.144728E-01   0.172653E-01   0.604613E-02   0.128499E-01   0.118550E-01   0.396333E-02   0.938303E-02   0.822007E-01   0.421606E-01
   0.249800E+02   0.454000E+01   0.900519E+01   0.791623E+00   0.185368E-01   0.644954E-02   0.136131E-01   0.161108E-01   0.560479E-02   0.120537E-01   0.108004E-01   0.359186E-02   0.866734E-02   0.825069E-01   0.430332E-01
   0.249800E+02   0.456000E+01   0.904486E+01   0.797742E+00   0.173270E-01   0.598985E-02   0.127852E-01   0.150027E-01   0.518582E-02   0.112900E-01   0.980323E-02   0.324385E-02   0.798903E-02   0.828521E-01   0.440908E-01
   0.249800E+02   0.458000E+01   0.908454E+01   0.803902E+00   0.161619E-01   0.555223E-02   0.119890E-01   0.139408E-01   0.478879E-02   0.105585E-01   0.886255E-02   0.291884E-02   0.734750E-02   0.832396E-01   0.453592E-01
   0.249800E+02   0.460000E+01   0.912421E+01   0.810103E+00   0.150415E-01   0.513615E-02   0.112243E-01   0.129247E-01   0.441307E-02   0.985874E-02   0.797781E-02   0.261610E-02   0.674207E-02   0.836735E-01   0.468620E-01
   0.249800E+02   0.462000E+01   0.916388E+01   0.816345E+00   0.139657E-01   0.474096E-02   0.104908E-01   0.119540E-01   0.405787E-02   0.919030E-02   0.714869E-02   0.233477E-02   0.617210E-02   0.841581E-01   0.486188E-01
   0.249800E+02   0.464000E+01   0.920355E+01   0.822630E+00   0.129344E-01   0.436613E-02   0.978826E-02   0.110282E-01   0.372260E-02   0.855266E-02   0.637427E-02   0.207411E-02   0.563677E-02   0.846984E-01   0.506432E-01
   0.249800E+02   0.466000E+01   0.924322E+01   0.828956E+00   0.119475E-01   0.401125E-02   0.911633E-02   0.101470E-01   0.340675E-02   0.794535E-02   0.565336E-02   0.183347E-02   0.513523E-02   0.853003E-01   0.529408E-01
   0.249800E+02   0.468000E+01   0.928289E+01   0.835326E+00   0.110259E-01   0.368372E-02   0.848867E-02   0.932157E-02   0.311430E-02   0.737593E-02   0.498651E-02   0.161258E-02   0.466827E-02   0.859705E-01   0.555086E-01
   0.249800E+02   0.470000E+01   0.932256E+01   0.841738E+00   0.101498E-01   0.337506E-02   0.789175E-02   0.854029E-02   0.283982E-02   0.683616E-02   0.437118E-02   0.140979E-02   0.423332E-02   0.867168E-01   0.583346E-01
   0.249800E+02   0.472000E+01   0.936223E+01   0.848194E+00   0.931642E-02   0.308416E-02   0.732352E-02   0.780125E-02   0.258252E-02   0.632453E-02   0.380554E-02   0.122453E-02   0.382908E-02   0.875482E-01   0.613989E-01
   0.249800E+02   0.474000E+01   0.940190E+01   0.854694E+00   0.852549E-02   0.281058E-02   0.678349E-02   0.710381E-02   0.234185E-02   0.584039E-02   0.328822E-02   0.105612E-02   0.345455E-02   0.884751E-01   0.646747E-01
   0.249800E+02   0.476000E+01   0.944157E+01   0.861239E+00   0.777654E-02   0.255372E-02   0.627099E-02   0.644719E-02   0.211713E-02   0.538291E-02   0.281782E-02   0.903694E-03   0.310853E-02   0.895101E-01   0.681319E-01
   0.249800E+02   0.478000E+01   0.948124E+01   0.867829E+00   0.706921E-02   0.231304E-02   0.578540E-02   0.583066E-02   0.190772E-02   0.495132E-02   0.239291E-02   0.766438E-03   0.278990E-02   0.906675E-01   0.717390E-01
   0.249800E+02   0.480000E+01   0.952091E+01   0.874464E+00   0.640268E-02   0.208801E-02   0.532627E-02   0.525322E-02   0.171309E-02   0.454506E-02   0.201148E-02   0.643738E-03   0.249758E-02   0.919644E-01   0.754674E-01
   0.249800E+02   0.482000E+01   0.956058E+01   0.881145E+00   0.577635E-02   0.187809E-02   0.489305E-02   0.471398E-02   0.153263E-02   0.416346E-02   0.167173E-02   0.534841E-03   0.223043E-02   0.934208E-01   0.792941E-01
   0.249800E+02   0.484000E+01   0.960025E+01   0.887872E+00   0.518944E-02   0.168241E-02   0.448509E-02   0.421180E-02   0.136541E-02   0.380566E-02   0.137182E-02   0.438811E-03   0.198709E-02   0.950607E-01   0.832063E-01
   0.249800E+02   0.486000E+01   0.963992E+01   0.894646E+00   0.464123E-02   0.150069E-02   0.410176E-02   0.374577E-02   0.121110E-02   0.347099E-02   0.110958E-02   0.354986E-03   0.176642E-02   0.969118E-01   0.872029E-01
   0.249800E+02   0.488000E+01   0.967959E+01   0.901468E+00   0.413084E-02   0.133251E-02   0.374232E-02   0.331480E-02   0.106924E-02   0.315862E-02   0.882774E-03   0.282615E-03   0.156717E-02   0.990070E-01   0.912993E-01
   0.249800E+02   0.490000E+01   0.971926E+01   0.908337E+00   0.365742E-02   0.117736E-02   0.340604E-02   0.291774E-02   0.939218E-03   0.286769E-02   0.689095E-03   0.220842E-03   0.138790E-02   0.101384E+00   0.955280E-01
   0.249800E+02   0.492000E+01   0.975893E+01   0.915255E+00   0.322001E-02   0.103469E-02   0.309210E-02   0.255336E-02   0.820449E-03   0.259728E-02   0.526144E-03   0.168807E-03   0.122722E-02   0.104085E+00   0.999414E-01
   0.249800E+02   0.494000E+01   0.979860E+01   0.922222E+00   0.281761E-02   0.904086E-03   0.279980E-02   0.222057E-02   0.712492E-03   0.234669E-02   0.391454E-03   0.125792E-03   0.108401E-02   0.107155E+00   0.104611E+00
   0.249800E+02   0.496000E+01   0.983827E+01   0.929238E+00   0.244914E-02   0.785015E-03   0.252832E-02   0.191811E-02   0.614795E-03   0.211503E-02   0.282439E-03   0.909571E-04   0.956963E-03   0.110638E+00   0.109622E+00
   0.249800E+02   0.498000E+01   0.987794E+01   0.936304E+00   0.211346E-02   0.676798E-03   0.227663E-02   0.164448E-02   0.526607E-03   0.190117E-02   0.196513E-03   0.634230E-04   0.844271E-03   0.114564E+00   0.115065E+00
   0.249800E+02   0.500000E+01   0.991761E+01   0.943420E+00   0.180937E-02   0.579084E-03   0.204410E-02   0.139854E-02   0.447594E-03   0.170450E-02   0.130705E-03   0.422901E-04   0.745125E-03   0.118933E+00   0.121001E+00
   0.249800E+02   0.502000E+01   0.995729E+01   0.950588E+00   0.153562E-02   0.491364E-03   0.182988E-02   0.117892E-02   0.377232E-03   0.152416E-02   0.820375E-04   0.266182E-04   0.658274E-03   0.123671E+00   0.127414E+00
   0.249800E+02   0.504000E+01   0.999696E+01   0.957807E+00   0.130405E-02   0.417274E-03   0.166051E-02   0.993668E-03   0.317961E-03   0.138206E-02   0.458411E-04   0.149291E-04   0.592273E-03   0.128576E+00   0.134109E+00
   0.249800E+02   0.506000E+01   0.100366E+02   0.965078E+00   0.109820E-02   0.351496E-03   0.150401E-02   0.830438E-03   0.265798E-03   0.125144E-02   0.206767E-04   0.677208E-05   0.534636E-03   0.133238E+00   0.140598E+00
   0.249800E+02   0.508000E+01   0.100763E+02   0.972402E+00   0.898982E-03   0.287882E-03   0.132257E-02   0.674985E-03   0.216156E-03   0.110057E-02   0.534195E-05   0.177149E-05   0.470629E-03   0.137000E+00   0.146007E+00
   0.249800E+02   0.510000E+01   0.101160E+02   0.979778E+00   0.693310E-03   0.222181E-03   0.109047E-02   0.517342E-03   0.165796E-03   0.907814E-03   0.000000E+00   0.000000E+00   0.389752E-03   0.139039E+00   0.149204E+00
   0.249800E+02   0.512000E+01   0.101556E+02   0.987209E+00   0.467923E-03   0.150082E-03   0.781394E-03   0.347387E-03   0.111430E-03   0.650930E-03   0.000000E+00   0.000000E+00   0.281148E-03   0.138668E+00   0.149256E+00
   0.249800E+02   0.514000E+01   0.101953E+02   0.994695E+00   0.209381E-03   0.672202E-04   0.368332E-03   0.154838E-03   0.497155E-04   0.307079E-03   0.000000E+00   0.000000E+00   0.133589E-03   0.135734E+00   0.146043E+00