Opening parameter file: [0] DBASE/SHMS/STD/standard.database
Reading Parameters for run 3026
Opening parameter file: [0] DBASE/SHMS/GEN/general.param
Opening parameter file: [1] PARAM/GEN/genflags.param
Opening parameter file: [1] PARAM/GEN/gdebug.param
Opening parameter file: [1] PARAM/GEN/gtarget.param
Opening parameter file: [1] PARAM/GEN/gbeam.param
Opening parameter file: [1] PARAM/GEN/gscalers.param
Opening parameter file: [1] PARAM/SHMS/GEN/pcana.param
Opening parameter file: [1] PARAM/SHMS/GEN/pdebug.param
Opening parameter file: [1] PARAM/SHMS/GEN/shmsflags.param
Opening parameter file: [1] PARAM/SHMS/GEN/ptracking.param
Opening parameter file: [1] PARAM/SHMS/GEN/p_reftime_cut.param
Opening parameter file: [1] PARAM/SHMS/NGCER/GEOM/pngcer_geom.param
Opening parameter file: [1] PARAM/SHMS/DC/GEOM/pdc_geom.param
Opening parameter file: [1] PARAM/SHMS/HODO/GEOM/phodo_geom.param
Opening parameter file: [1] PARAM/SHMS/HGCER/GEOM/phgcer_geom.param
Opening parameter file: [1] PARAM/SHMS/AERO/GEOM/paero_geom.param
Opening parameter file: [1] PARAM/SHMS/CAL/GEOM/pcal_geom.param
Opening parameter file: [1] PARAM/SHMS/NGCER/CUTS/pngcer_cuts.param
Opening parameter file: [1] PARAM/SHMS/DC/CUTS/pdc_cuts.param
Opening parameter file: [1] PARAM/SHMS/HODO/CUTS/phodo_cuts.param
Opening parameter file: [1] PARAM/SHMS/HGCER/CUTS/phgcer_cuts.param
Opening parameter file: [1] PARAM/SHMS/AERO/CUTS/paero_cuts.param
Opening parameter file: [1] PARAM/SHMS/CAL/CUTS/pcal_cuts.param
Opening parameter file: [1] PARAM/SHMS/NGCER/CALIB/pngcer_calib.param
Opening parameter file: [1] PARAM/SHMS/DC/CALIB/pdc_calib.param
Opening parameter file: [1] PARAM/SHMS/DC/CALIB/pdc_tzero_per_wire.param
Opening parameter file: [1] PARAM/SHMS/HGCER/CALIB/phgcer_calib.param
Opening parameter file: [1] PARAM/SHMS/AERO/CALIB/paero_calib.param
Opening parameter file: [1] PARAM/SHMS/CAL/CALIB/pcal_calib.param
Opening parameter file: [1] PARAM/SHMS/HODO/CALIB/phodo_TWcalib.param
Opening parameter file: [1] PARAM/SHMS/HODO/CALIB/phodo_Vpcalib.param
Opening parameter file: [0] DBASE/SHMS/STD/standard.kinematics
Reading Parameters for run 3026
Opening parameter file: [0] DBASE/SHMS/GEN/calib_25deg_m4p4.param
Opening parameter file: [1] PARAM/SHMS/DC/CALIB/25deg_m4p4/pdc_calib_3021.param
Opening parameter file: [1] PARAM/SHMS/DC/CALIB/25deg_m4p4/pdc_tzero_per_wire_3021.param
Opening parameter file: [1] PARAM/SHMS/CAL/CALIB/25deg_m4p4/pcal_calib_3021.param
Opening parameter file: [1] PARAM/SHMS/BCM/CALIB/gscaler_period3.param
Opening parameter file: [0] PARAM/TRIG/tshms.param
Opening parameter file: [0] PARAM/SHMS/GEN/p_fadc_debug.param
Opening parameter file: [0] PARAM/SHMS/BCM/bcmcurrent_3026.param
